08:52:18 **** Incremental Build of configuration Debug for project mi_pr2 ****
make all 
Building file: ../mi_pr2.c
Invoking: AVR Compiler
avr-gcc -Wall -g2 -gstabs -O0 -fpack-struct -fshort-enums -ffunction-sections -fdata-sections -std=gnu99 -funsigned-char -funsigned-bitfields -mmcu=atmega32 -DF_CPU=1000000UL -MMD -MP -MF"mi_pr2.d" -MT"mi_pr2.o" -c -o "mi_pr2.o" "../mi_pr2.c"
In file included from ../mi_pr2.c:9:
c:/winavr-20100110/lib/gcc/../../avr/include/util/delay.h:90:3: warning: #warning "Compiler optimizations disabled; functions from <util/delay.h> won't work as designed"
Finished building: ../mi_pr2.c
 
Building target: mi_pr2.elf
Invoking: AVR C Linker
avr-gcc -Wl,-Map,mi_pr2.map -mmcu=atmega32 -o "mi_pr2.elf"  ./mi_pr2.o   
Finished building target: mi_pr2.elf
 
Invoking: Print Size
avr-size --format=avr --mcu=atmega32 mi_pr2.elf
AVR Memory Usage
----------------
Device: atmega32

Program:    5532 bytes (16.9% Full)
(.text + .data + .bootloader)

Data:         11 bytes (0.5% Full)
(.data + .bss + .noinit)


Finished building: sizedummy
 

08:52:19 Build Finished. 0 errors, 1 warnings. (took 1s.177ms)

